<?xml version="1.0" encoding="UTF-8"?>
<!-- Generated by org.testng.reporters.JUnitReportReporter -->
<testsuite hostname="DESKTOP-0QOV7L6" failures="0" tests="1" name="TestScripts.TestScript1" time="2.957" errors="0" timestamp="2025-07-18T00:43:12 IST" skipped="0">
  <testcase classname="TestScripts.TestScript1" name="test" time="2.957"/>
</testsuite> <!-- TestScripts.TestScript1 -->
